SF:lib/business_logic/app_state.dart
DA:13,2
DA:21,2
DA:28,2
DA:34,3
DA:36,3
DA:38,1
DA:45,1
DA:46,1
DA:47,1
DA:48,1
DA:49,1
DA:50,1
DA:54,2
DA:58,2
DA:59,6
DA:60,6
DA:61,6
DA:62,6
DA:63,6
DA:66,0
DA:68,0
DA:69,0
DA:70,0
DA:71,0
DA:72,0
DA:75,0
DA:77,0
DA:88,2
DA:93,2
DA:98,1
DA:100,3
DA:103,1
DA:104,1
DA:106,2
DA:112,1
DA:116,1
DA:121,1
DA:122,1
DA:129,2
DA:135,1
DA:137,3
DA:141,1
DA:142,1
DA:143,1
DA:144,2
DA:145,2
DA:146,2
DA:150,5
DA:152,1
DA:153,2
DA:154,2
DA:159,4
DA:161,1
DA:162,3
DA:163,3
DA:165,4
DA:167,3
DA:169,3
DA:172,1
DA:173,3
DA:176,1
DA:177,2
DA:178,1
DA:182,1
DA:184,1
DA:185,2
DA:187,1
LF:67
LH:59
end_of_record
SF:lib/data/author_service.dart
DA:10,1
DA:19,1
DA:21,3
DA:22,1
DA:23,1
DA:27,4
DA:33,1
DA:34,1
LF:8
LH:8
end_of_record
SF:lib/data/author_models.dart
DA:4,4
DA:24,1
DA:25,1
DA:26,1
DA:27,1
DA:28,1
DA:29,1
DA:30,1
DA:31,1
DA:32,1
DA:37,2
DA:41,2
DA:42,6
DA:43,6
DA:44,6
DA:45,6
DA:46,6
DA:47,6
DA:48,6
DA:49,6
DA:52,0
DA:54,0
DA:55,0
DA:56,0
DA:57,0
DA:58,0
DA:59,0
DA:60,0
DA:61,0
DA:64,1
DA:66,9
DA:71,2
DA:87,1
DA:89,1
DA:90,1
DA:91,1
DA:92,2
DA:93,4
DA:97,2
DA:98,2
DA:99,2
DA:100,2
DA:101,2
DA:105,1
DA:109,1
DA:110,3
DA:111,3
DA:112,3
DA:113,3
DA:114,3
DA:115,3
DA:118,0
DA:120,0
DA:121,0
DA:122,0
DA:123,0
DA:124,0
DA:125,0
DA:128,0
DA:130,0
LF:60
LH:42
end_of_record
SF:lib/presentation/author_detail_screen.dart
DA:7,2
DA:9,2
DA:10,2
DA:16,2
DA:18,10
DA:19,2
DA:22,2
DA:24,4
DA:26,2
DA:27,2
DA:28,8
DA:31,2
DA:32,7
DA:33,2
DA:34,4
DA:35,2
DA:36,2
DA:37,2
DA:38,2
DA:40,2
DA:41,4
DA:47,2
DA:48,6
DA:49,4
DA:56,2
DA:59,2
DA:62,2
DA:64,2
DA:69,2
DA:70,4
LF:30
LH:30
end_of_record
SF:lib/presentation/author_item.dart
DA:6,2
DA:10,1
DA:12,1
DA:14,1
DA:15,1
DA:17,1
DA:18,1
DA:19,1
DA:22,1
DA:25,1
DA:26,5
DA:27,1
DA:29,1
DA:30,3
DA:33,3
DA:34,3
LF:16
LH:16
end_of_record
